0 info it worked if it ends with ok
1 verbose cli [ '/usr/bin/node', '/usr/bin/npm', 'run', 'test' ]
2 info using npm@3.5.2
3 info using node@v8.10.0
4 verbose run-script [ 'pretest', 'test', 'posttest' ]
5 info lifecycle testing@~pretest: testing@
6 silly lifecycle testing@~pretest: no script for pretest, continuing
7 info lifecycle testing@~test: testing@
8 verbose lifecycle testing@~test: unsafe-perm in lifecycle true
9 verbose lifecycle testing@~test: PATH: /usr/share/npm/bin/node-gyp-bin:/home/carl/paladinArcher/developerLevelFolder/mochaTesting/jesseMocha/mergeJesseMocha/padawan/node_modules/.bin:/usr/local/sbin:/usr/local/bin:/usr/sbin:/usr/bin:/sbin:/bin:/usr/games:/usr/local/games:/snap/bin:/home/carl/.vimpkg/bin:/home/carl/.vimpkg/bin
10 verbose lifecycle testing@~test: CWD: /home/carl/paladinArcher/developerLevelFolder/mochaTesting/jesseMocha/mergeJesseMocha/padawan
11 silly lifecycle testing@~test: Args: [ '-c',
11 silly lifecycle   'TEST_WATCH=1 meteor test --driver-package meteortesting:mocha' ]
12 silly lifecycle testing@~test: Returned: code: 254  signal: null
13 info lifecycle testing@~test: Failed to exec test script
14 verbose stack Error: testing@ test: `TEST_WATCH=1 meteor test --driver-package meteortesting:mocha`
14 verbose stack Exit status 254
14 verbose stack     at EventEmitter.<anonymous> (/usr/share/npm/lib/utils/lifecycle.js:232:16)
14 verbose stack     at emitTwo (events.js:126:13)
14 verbose stack     at EventEmitter.emit (events.js:214:7)
14 verbose stack     at ChildProcess.<anonymous> (/usr/share/npm/lib/utils/spawn.js:24:14)
14 verbose stack     at emitTwo (events.js:126:13)
14 verbose stack     at ChildProcess.emit (events.js:214:7)
14 verbose stack     at maybeClose (internal/child_process.js:925:16)
14 verbose stack     at Process.ChildProcess._handle.onexit (internal/child_process.js:209:5)
15 verbose pkgid testing@
16 verbose cwd /home/carl/paladinArcher/developerLevelFolder/mochaTesting/jesseMocha/mergeJesseMocha/padawan
17 error Linux 4.15.0-39-generic
18 error argv "/usr/bin/node" "/usr/bin/npm" "run" "test"
19 error node v8.10.0
20 error npm  v3.5.2
21 error code ELIFECYCLE
22 error testing@ test: `TEST_WATCH=1 meteor test --driver-package meteortesting:mocha`
22 error Exit status 254
23 error Failed at the testing@ test script 'TEST_WATCH=1 meteor test --driver-package meteortesting:mocha'.
23 error Make sure you have the latest version of node.js and npm installed.
23 error If you do, this is most likely a problem with the testing package,
23 error not with npm itself.
23 error Tell the author that this fails on your system:
23 error     TEST_WATCH=1 meteor test --driver-package meteortesting:mocha
23 error You can get information on how to open an issue for this project with:
23 error     npm bugs testing
23 error Or if that isn't available, you can get their info via:
23 error     npm owner ls testing
23 error There is likely additional logging output above.
24 verbose exit [ 1, true ]
