14:24:15.733 INFO [GridLauncherV3.parse] - Selenium server version: 3.141.59, revision: e82be7d358
14:24:15.794 INFO [GridLauncherV3.lambda$buildLaunchers$3] - Launching a standalone Selenium Server on port 4444
2019-01-02 14:24:15.855:INFO::main: Logging initialized @378ms to org.seleniumhq.jetty9.util.log.StdErrLog
14:24:16.083 INFO [WebDriverServlet.<init>] - Initialising WebDriverServlet
14:24:16.169 ERROR [BaseServer.start] - Port 4444 is busy, please choose a free port and specify it using -port option
Exception in thread "main" java.lang.RuntimeException: java.net.BindException: Address already in use
	at org.openqa.selenium.grid.server.BaseServer.start(BaseServer.java:221)
	at org.openqa.selenium.remote.server.SeleniumServer.boot(SeleniumServer.java:131)
	at org.openqa.grid.selenium.GridLauncherV3.lambda$buildLaunchers$3(GridLauncherV3.java:249)
	at org.openqa.grid.selenium.GridLauncherV3.lambda$launch$0(GridLauncherV3.java:86)
	at java.base/java.util.Optional.map(Optional.java:254)
	at org.openqa.grid.selenium.GridLauncherV3.launch(GridLauncherV3.java:86)
	at org.openqa.grid.selenium.GridLauncherV3.main(GridLauncherV3.java:70)
Caused by: java.net.BindException: Address already in use
	at java.base/sun.nio.ch.Net.bind0(Native Method)
	at java.base/sun.nio.ch.Net.bind(Net.java:433)
	at java.base/sun.nio.ch.Net.bind(Net.java:425)
	at java.base/sun.nio.ch.ServerSocketChannelImpl.bind(ServerSocketChannelImpl.java:225)
	at java.base/sun.nio.ch.ServerSocketAdaptor.bind(ServerSocketAdaptor.java:74)
	at org.seleniumhq.jetty9.server.ServerConnector.openAcceptChannel(ServerConnector.java:339)
	at org.seleniumhq.jetty9.server.ServerConnector.open(ServerConnector.java:307)
	at org.seleniumhq.jetty9.server.AbstractNetworkConnector.doStart(AbstractNetworkConnector.java:80)
	at org.seleniumhq.jetty9.server.ServerConnector.doStart(ServerConnector.java:235)
	at org.seleniumhq.jetty9.util.component.AbstractLifeCycle.start(AbstractLifeCycle.java:68)
	at org.seleniumhq.jetty9.server.Server.doStart(Server.java:395)
	at org.seleniumhq.jetty9.util.component.AbstractLifeCycle.start(AbstractLifeCycle.java:68)
	at org.openqa.selenium.grid.server.BaseServer.start(BaseServer.java:202)
	... 6 more
